# JRE version: OpenJDK Runtime Environment (8.0_202-b03) (build 1.8.0_202-release-1483-b03)
# Java VM: OpenJDK 64-Bit Server VM (25.202-b03 mixed mode windows-amd64 compressed oops)
Heap:
 PSYoungGen      total 196608K, used 129901K [0x00000000e0000000, 0x00000000eea80000, 0x0000000100000000)
  eden space 157184K, 67% used [0x00000000e0000000,0x00000000e66f3050,0x00000000e9980000)
  from space 39424K, 62% used [0x00000000ec200000,0x00000000ed9e83b8,0x00000000ee880000)
  to   space 41472K, 0% used [0x00000000e9980000,0x00000000e9980000,0x00000000ec200000)
 ParOldGen       total 129536K, used 83375K [0x00000000a0000000, 0x00000000a7e80000, 0x00000000e0000000)
  object space 129536K, 64% used [0x00000000a0000000,0x00000000a516bfc8,0x00000000a7e80000)
 Metaspace       used 86661K, capacity 92344K, committed 92504K, reserved 1130496K
  class space    used 11378K, capacity 12357K, committed 12416K, reserved 1048576K
GC Heap History (10 events):
Event: 6690.254 GC heap before
{Heap before GC invocations=33 (full 3):
 PSYoungGen      total 155136K, used 154832K [0x00000000e0000000, 0x00000000edb80000, 0x0000000100000000)
  eden space 150016K, 100% used [0x00000000e0000000,0x00000000e9280000,0x00000000e9280000)
  from space 5120K, 94% used [0x00000000e9700000,0x00000000e9bb4010,0x00000000e9c00000)
  to   space 37376K, 0% used [0x00000000eb700000,0x00000000eb700000,0x00000000edb80000)
 ParOldGen       total 129536K, used 83063K [0x00000000a0000000, 0x00000000a7e80000, 0x00000000e0000000)
  object space 129536K, 64% used [0x00000000a0000000,0x00000000a511dfc8,0x00000000a7e80000)
 Metaspace       used 85501K, capacity 89864K, committed 90072K, reserved 1128448K
  class space    used 11195K, capacity 12021K, committed 12032K, reserved 1048576K
Event: 6690.992 GC heap after
Heap after GC invocations=33 (full 3):
 PSYoungGen      total 174080K, used 8981K [0x00000000e0000000, 0x00000000ed300000, 0x0000000100000000)
  eden space 145408K, 0% used [0x00000000e0000000,0x00000000e0000000,0x00000000e8e00000)
  from space 28672K, 31% used [0x00000000eb700000,0x00000000ebfc57d0,0x00000000ed300000)
  to   space 35328K, 0% used [0x00000000e8e00000,0x00000000e8e00000,0x00000000eb080000)
 ParOldGen       total 129536K, used 83071K [0x00000000a0000000, 0x00000000a7e80000, 0x00000000e0000000)
  object space 129536K, 64% used [0x00000000a0000000,0x00000000a511ffc8,0x00000000a7e80000)
 Metaspace       used 85501K, capacity 89864K, committed 90072K, reserved 1128448K
  class space    used 11195K, capacity 12021K, committed 12032K, reserved 1048576K
}
Event: 6961.637 GC heap before
{Heap before GC invocations=34 (full 3):
 PSYoungGen      total 174080K, used 154389K [0x00000000e0000000, 0x00000000ed300000, 0x0000000100000000)
  eden space 145408K, 100% used [0x00000000e0000000,0x00000000e8e00000,0x00000000e8e00000)
  from space 28672K, 31% used [0x00000000eb700000,0x00000000ebfc57d0,0x00000000ed300000)
  to   space 35328K, 0% used [0x00000000e8e00000,0x00000000e8e00000,0x00000000eb080000)
 ParOldGen       total 129536K, used 83071K [0x00000000a0000000, 0x00000000a7e80000, 0x00000000e0000000)
  object space 129536K, 64% used [0x00000000a0000000,0x00000000a511ffc8,0x00000000a7e80000)
 Metaspace       used 85550K, capacity 89868K, committed 90072K, reserved 1128448K
  class space    used 11196K, capacity 12021K, committed 12032K, reserved 1048576K
Event: 6961.682 GC heap after
Heap after GC invocations=34 (full 3):
 PSYoungGen      total 145920K, used 4560K [0x00000000e0000000, 0x00000000ecd00000, 0x0000000100000000)
  eden space 141312K, 0% used [0x00000000e0000000,0x00000000e0000000,0x00000000e8a00000)
  from space 4608K, 98% used [0x00000000e8e00000,0x00000000e9274010,0x00000000e9280000)
  to   space 34304K, 0% used [0x00000000eab80000,0x00000000eab80000,0x00000000ecd00000)
 ParOldGen       total 129536K, used 83079K [0x00000000a0000000, 0x00000000a7e80000, 0x00000000e0000000)
  object space 129536K, 64% used [0x00000000a0000000,0x00000000a5121fc8,0x00000000a7e80000)
 Metaspace       used 85550K, capacity 89868K, committed 90072K, reserved 1128448K
  class space    used 11196K, capacity 12021K, committed 12032K, reserved 1048576K
}
Event: 6964.890 GC heap before
{Heap before GC invocations=35 (full 3):
 PSYoungGen      total 145920K, used 145872K [0x00000000e0000000, 0x00000000ecd00000, 0x0000000100000000)
  eden space 141312K, 100% used [0x00000000e0000000,0x00000000e8a00000,0x00000000e8a00000)
  from space 4608K, 98% used [0x00000000e8e00000,0x00000000e9274010,0x00000000e9280000)
  to   space 34304K, 0% used [0x00000000eab80000,0x00000000eab80000,0x00000000ecd00000)
 ParOldGen       total 129536K, used 83079K [0x00000000a0000000, 0x00000000a7e80000, 0x00000000e0000000)
  object space 129536K, 64% used [0x00000000a0000000,0x00000000a5121fc8,0x00000000a7e80000)
 Metaspace       used 85608K, capacity 90072K, committed 90328K, reserved 1128448K
  class space    used 11196K, capacity 12021K, committed 12032K, reserved 1048576K
Event: 6965.444 GC heap after
Heap after GC invocations=35 (full 3):
 PSYoungGen      total 169984K, used 32973K [0x00000000e0000000, 0x00000000ef680000, 0x0000000100000000)
  eden space 135680K, 0% used [0x00000000e0000000,0x00000000e0000000,0x00000000e8480000)
  from space 34304K, 96% used [0x00000000eab80000,0x00000000ecbb37b0,0x00000000ecd00000)
  to   space 39936K, 0% used [0x00000000e8480000,0x00000000e8480000,0x00000000eab80000)
 ParOldGen       total 129536K, used 83079K [0x00000000a0000000, 0x00000000a7e80000, 0x00000000e0000000)
  object space 129536K, 64% used [0x00000000a0000000,0x00000000a5121fc8,0x00000000a7e80000)
 Metaspace       used 85608K, capacity 90072K, committed 90328K, reserved 1128448K
  class space    used 11196K, capacity 12021K, committed 12032K, reserved 1048576K
}
Event: 7329.229 GC heap before
{Heap before GC invocations=36 (full 3):
 PSYoungGen      total 169984K, used 168653K [0x00000000e0000000, 0x00000000ef680000, 0x0000000100000000)
  eden space 135680K, 100% used [0x00000000e0000000,0x00000000e8480000,0x00000000e8480000)
  from space 34304K, 96% used [0x00000000eab80000,0x00000000ecbb37b0,0x00000000ecd00000)
  to   space 39936K, 0% used [0x00000000e8480000,0x00000000e8480000,0x00000000eab80000)
 ParOldGen       total 129536K, used 83079K [0x00000000a0000000, 0x00000000a7e80000, 0x00000000e0000000)
  object space 129536K, 64% used [0x00000000a0000000,0x00000000a5121fc8,0x00000000a7e80000)
 Metaspace       used 86088K, capacity 91270K, committed 91352K, reserved 1128448K
  class space    used 11298K, capacity 12210K, committed 12288K, reserved 1048576K
Event: 7330.028 GC heap after
Heap after GC invocations=36 (full 3):
 PSYoungGen      total 175616K, used 1760K [0x00000000e0000000, 0x00000000ee880000, 0x0000000100000000)
  eden space 135680K, 0% used [0x00000000e0000000,0x00000000e0000000,0x00000000e8480000)
  from space 39936K, 4% used [0x00000000e8480000,0x00000000e8638000,0x00000000eab80000)
  to   space 39424K, 0% used [0x00000000ec200000,0x00000000ec200000,0x00000000ee880000)
 ParOldGen       total 129536K, used 83215K [0x00000000a0000000, 0x00000000a7e80000, 0x00000000e0000000)
  object space 129536K, 64% used [0x00000000a0000000,0x00000000a5143fc8,0x00000000a7e80000)
 Metaspace       used 86088K, capacity 91270K, committed 91352K, reserved 1128448K
  class space    used 11298K, capacity 12210K, committed 12288K, reserved 1048576K
}
Event: 7342.142 GC heap before
{Heap before GC invocations=37 (full 3):
 PSYoungGen      total 175616K, used 137440K [0x00000000e0000000, 0x00000000ee880000, 0x0000000100000000)
  eden space 135680K, 100% used [0x00000000e0000000,0x00000000e8480000,0x00000000e8480000)
  from space 39936K, 4% used [0x00000000e8480000,0x00000000e8638000,0x00000000eab80000)
  to   space 39424K, 0% used [0x00000000ec200000,0x00000000ec200000,0x00000000ee880000)
 ParOldGen       total 129536K, used 83215K [0x00000000a0000000, 0x00000000a7e80000, 0x00000000e0000000)
  object space 129536K, 64% used [0x00000000a0000000,0x00000000a5143fc8,0x00000000a7e80000)
 Metaspace       used 86600K, capacity 92290K, committed 92504K, reserved 1130496K
  class space    used 11373K, capacity 12348K, committed 12416K, reserved 1048576K
Event: 7342.240 GC heap after
Heap after GC invocations=37 (full 3):
 PSYoungGen      total 196608K, used 24480K [0x00000000e0000000, 0x00000000eea80000, 0x0000000100000000)
  eden space 157184K, 0% used [0x00000000e0000000,0x00000000e0000000,0x00000000e9980000)
  from space 39424K, 62% used [0x00000000ec200000,0x00000000ed9e83b8,0x00000000ee880000)
  to   space 41472K, 0% used [0x00000000e9980000,0x00000000e9980000,0x00000000ec200000)
 ParOldGen       total 129536K, used 83375K [0x00000000a0000000, 0x00000000a7e80000, 0x00000000e0000000)
  object space 129536K, 64% used [0x00000000a0000000,0x00000000a516bfc8,0x00000000a7e80000)
 Metaspace       used 86600K, capacity 92290K, committed 92504K, reserved 1130496K
  class space    used 11373K, capacity 12348K, committed 12416K, reserved 1048576K
}

